[2016-01-07 10:35:58  WARN com.mfq.utils.Config:49] [] [] [] [] SystemConfig: isProduct=false, isDev=true, cachePrefix=D_, hostName=localhost, systemType=Dev
[2016-01-07 10:35:58  INFO com.mfq.helper.SignHelper:51] [] [] [] [] Make sign:60FC4FC63E1813F5FA9C4E544790F51E, org string is:code=7865uid=2798
[2016-01-07 10:36:06  INFO com.mfq.utils.HttpUtil:208] [] [] [] [] push response result:null
[2016-01-07 10:36:25  WARN com.mfq.utils.Config:49] [] [] [] [] SystemConfig: isProduct=false, isDev=true, cachePrefix=D_, hostName=localhost, systemType=Dev
[2016-01-07 10:36:25  INFO com.mfq.helper.SignHelper:51] [] [] [] [] Make sign:60FC4FC63E1813F5FA9C4E544790F51E, org string is:code=7865uid=2798
[2016-01-07 10:36:35 ERROR com.mfq.utils.HttpUtil:218] [] [] [] [] push fail: url=http://localhost:8080//activity/present/code, body={"uid":2798,"code":"7865","sign":"60FC4FC63E1813F5FA9C4E544790F51E"}
java.net.SocketTimeoutException: Read timed out
	at java.net.SocketInputStream.socketRead0(Native Method) ~[na:1.8.0_60]
	at java.net.SocketInputStream.socketRead(SocketInputStream.java:116) ~[na:1.8.0_60]
	at java.net.SocketInputStream.read(SocketInputStream.java:170) ~[na:1.8.0_60]
	at java.net.SocketInputStream.read(SocketInputStream.java:141) ~[na:1.8.0_60]
	at org.apache.http.impl.conn.LoggingInputStream.read(LoggingInputStream.java:87) ~[httpclient-4.4.1.jar:4.4.1]
	at org.apache.http.impl.io.SessionInputBufferImpl.streamRead(SessionInputBufferImpl.java:139) ~[httpcore-4.4.1.jar:4.4.1]
	at org.apache.http.impl.io.SessionInputBufferImpl.fillBuffer(SessionInputBufferImpl.java:155) ~[httpcore-4.4.1.jar:4.4.1]
	at org.apache.http.impl.io.SessionInputBufferImpl.readLine(SessionInputBufferImpl.java:284) ~[httpcore-4.4.1.jar:4.4.1]
	at org.apache.http.impl.conn.DefaultHttpResponseParser.parseHead(DefaultHttpResponseParser.java:140) ~[httpclient-4.4.1.jar:4.4.1]
	at org.apache.http.impl.conn.DefaultHttpResponseParser.parseHead(DefaultHttpResponseParser.java:57) ~[httpclient-4.4.1.jar:4.4.1]
	at org.apache.http.impl.io.AbstractMessageParser.parse(AbstractMessageParser.java:261) ~[httpcore-4.4.1.jar:4.4.1]
	at org.apache.http.impl.DefaultBHttpClientConnection.receiveResponseHeader(DefaultBHttpClientConnection.java:165) ~[httpcore-4.4.1.jar:4.4.1]
	at org.apache.http.impl.conn.CPoolProxy.receiveResponseHeader(CPoolProxy.java:167) ~[httpclient-4.4.1.jar:4.4.1]
	at org.apache.http.protocol.HttpRequestExecutor.doReceiveResponse(HttpRequestExecutor.java:272) ~[httpcore-4.4.1.jar:4.4.1]
	at org.apache.http.protocol.HttpRequestExecutor.execute(HttpRequestExecutor.java:124) ~[httpcore-4.4.1.jar:4.4.1]
	at org.apache.http.impl.execchain.MainClientExec.execute(MainClientExec.java:271) ~[httpclient-4.4.1.jar:4.4.1]
	at org.apache.http.impl.execchain.ProtocolExec.execute(ProtocolExec.java:184) ~[httpclient-4.4.1.jar:4.4.1]
	at org.apache.http.impl.execchain.RetryExec.execute(RetryExec.java:88) ~[httpclient-4.4.1.jar:4.4.1]
	at org.apache.http.impl.execchain.RedirectExec.execute(RedirectExec.java:110) ~[httpclient-4.4.1.jar:4.4.1]
	at org.apache.http.impl.client.InternalHttpClient.doExecute(InternalHttpClient.java:184) ~[httpclient-4.4.1.jar:4.4.1]
	at org.apache.http.impl.client.CloseableHttpClient.execute(CloseableHttpClient.java:82) ~[httpclient-4.4.1.jar:4.4.1]
	at org.apache.http.impl.client.CloseableHttpClient.execute(CloseableHttpClient.java:107) ~[httpclient-4.4.1.jar:4.4.1]
	at com.mfq.utils.HttpUtil.postJson(HttpUtil.java:197) ~[classes/:na]
	at com.mfq.controller.TestController.testPresent(TestController.java:591) [classes/:na]
	at com.mfq.controller.TestController.main(TestController.java:615) [classes/:na]
[2016-01-07 10:37:12  WARN com.mfq.utils.Config:49] [] [] [] [] SystemConfig: isProduct=false, isDev=true, cachePrefix=D_, hostName=localhost, systemType=Dev
[2016-01-07 10:37:12  INFO com.mfq.helper.SignHelper:51] [] [] [] [] Make sign:60FC4FC63E1813F5FA9C4E544790F51E, org string is:code=7865uid=2798
[2016-01-07 10:37:23 ERROR com.mfq.utils.HttpUtil:218] [] [] [] [] push fail: url=http://localhost:8080//activity/present/code, body={"uid":2798,"code":"7865","sign":"60FC4FC63E1813F5FA9C4E544790F51E"}
java.net.SocketTimeoutException: Read timed out
	at java.net.SocketInputStream.socketRead0(Native Method) ~[na:1.8.0_60]
	at java.net.SocketInputStream.socketRead(SocketInputStream.java:116) ~[na:1.8.0_60]
	at java.net.SocketInputStream.read(SocketInputStream.java:170) ~[na:1.8.0_60]
	at java.net.SocketInputStream.read(SocketInputStream.java:141) ~[na:1.8.0_60]
	at org.apache.http.impl.conn.LoggingInputStream.read(LoggingInputStream.java:87) ~[httpclient-4.4.1.jar:4.4.1]
	at org.apache.http.impl.io.SessionInputBufferImpl.streamRead(SessionInputBufferImpl.java:139) ~[httpcore-4.4.1.jar:4.4.1]
	at org.apache.http.impl.io.SessionInputBufferImpl.fillBuffer(SessionInputBufferImpl.java:155) ~[httpcore-4.4.1.jar:4.4.1]
	at org.apache.http.impl.io.SessionInputBufferImpl.readLine(SessionInputBufferImpl.java:284) ~[httpcore-4.4.1.jar:4.4.1]
	at org.apache.http.impl.conn.DefaultHttpResponseParser.parseHead(DefaultHttpResponseParser.java:140) ~[httpclient-4.4.1.jar:4.4.1]
	at org.apache.http.impl.conn.DefaultHttpResponseParser.parseHead(DefaultHttpResponseParser.java:57) ~[httpclient-4.4.1.jar:4.4.1]
	at org.apache.http.impl.io.AbstractMessageParser.parse(AbstractMessageParser.java:261) ~[httpcore-4.4.1.jar:4.4.1]
	at org.apache.http.impl.DefaultBHttpClientConnection.receiveResponseHeader(DefaultBHttpClientConnection.java:165) ~[httpcore-4.4.1.jar:4.4.1]
	at org.apache.http.impl.conn.CPoolProxy.receiveResponseHeader(CPoolProxy.java:167) ~[httpclient-4.4.1.jar:4.4.1]
	at org.apache.http.protocol.HttpRequestExecutor.doReceiveResponse(HttpRequestExecutor.java:272) ~[httpcore-4.4.1.jar:4.4.1]
	at org.apache.http.protocol.HttpRequestExecutor.execute(HttpRequestExecutor.java:124) ~[httpcore-4.4.1.jar:4.4.1]
	at org.apache.http.impl.execchain.MainClientExec.execute(MainClientExec.java:271) ~[httpclient-4.4.1.jar:4.4.1]
	at org.apache.http.impl.execchain.ProtocolExec.execute(ProtocolExec.java:184) ~[httpclient-4.4.1.jar:4.4.1]
	at org.apache.http.impl.execchain.RetryExec.execute(RetryExec.java:88) ~[httpclient-4.4.1.jar:4.4.1]
	at org.apache.http.impl.execchain.RedirectExec.execute(RedirectExec.java:110) ~[httpclient-4.4.1.jar:4.4.1]
	at org.apache.http.impl.client.InternalHttpClient.doExecute(InternalHttpClient.java:184) ~[httpclient-4.4.1.jar:4.4.1]
	at org.apache.http.impl.client.CloseableHttpClient.execute(CloseableHttpClient.java:82) ~[httpclient-4.4.1.jar:4.4.1]
	at org.apache.http.impl.client.CloseableHttpClient.execute(CloseableHttpClient.java:107) ~[httpclient-4.4.1.jar:4.4.1]
	at com.mfq.utils.HttpUtil.postJson(HttpUtil.java:197) ~[classes/:na]
	at com.mfq.controller.TestController.testPresent(TestController.java:591) [classes/:na]
	at com.mfq.controller.TestController.main(TestController.java:615) [classes/:na]
[2016-01-07 11:27:11  WARN com.mfq.utils.Config:49] [] [] [] [] SystemConfig: isProduct=false, isDev=true, cachePrefix=D_, hostName=localhost, systemType=Dev
[2016-01-07 11:27:11  INFO com.mfq.helper.SignHelper:51] [] [] [] [] Make sign:60FC4FC63E1813F5FA9C4E544790F51E, org string is:code=7865uid=2798
[2016-01-07 11:27:22 ERROR com.mfq.utils.HttpUtil:218] [] [] [] [] push fail: url=http://localhost:8080//activity/present/code, body={"uid":2798,"code":"7865","sign":"60FC4FC63E1813F5FA9C4E544790F51E"}
java.net.SocketTimeoutException: Read timed out
	at java.net.SocketInputStream.socketRead0(Native Method) ~[na:1.8.0_60]
	at java.net.SocketInputStream.socketRead(SocketInputStream.java:116) ~[na:1.8.0_60]
	at java.net.SocketInputStream.read(SocketInputStream.java:170) ~[na:1.8.0_60]
	at java.net.SocketInputStream.read(SocketInputStream.java:141) ~[na:1.8.0_60]
	at org.apache.http.impl.conn.LoggingInputStream.read(LoggingInputStream.java:87) ~[httpclient-4.4.1.jar:4.4.1]
	at org.apache.http.impl.io.SessionInputBufferImpl.streamRead(SessionInputBufferImpl.java:139) ~[httpcore-4.4.1.jar:4.4.1]
	at org.apache.http.impl.io.SessionInputBufferImpl.fillBuffer(SessionInputBufferImpl.java:155) ~[httpcore-4.4.1.jar:4.4.1]
	at org.apache.http.impl.io.SessionInputBufferImpl.readLine(SessionInputBufferImpl.java:284) ~[httpcore-4.4.1.jar:4.4.1]
	at org.apache.http.impl.conn.DefaultHttpResponseParser.parseHead(DefaultHttpResponseParser.java:140) ~[httpclient-4.4.1.jar:4.4.1]
	at org.apache.http.impl.conn.DefaultHttpResponseParser.parseHead(DefaultHttpResponseParser.java:57) ~[httpclient-4.4.1.jar:4.4.1]
	at org.apache.http.impl.io.AbstractMessageParser.parse(AbstractMessageParser.java:261) ~[httpcore-4.4.1.jar:4.4.1]
	at org.apache.http.impl.DefaultBHttpClientConnection.receiveResponseHeader(DefaultBHttpClientConnection.java:165) ~[httpcore-4.4.1.jar:4.4.1]
	at org.apache.http.impl.conn.CPoolProxy.receiveResponseHeader(CPoolProxy.java:167) ~[httpclient-4.4.1.jar:4.4.1]
	at org.apache.http.protocol.HttpRequestExecutor.doReceiveResponse(HttpRequestExecutor.java:272) ~[httpcore-4.4.1.jar:4.4.1]
	at org.apache.http.protocol.HttpRequestExecutor.execute(HttpRequestExecutor.java:124) ~[httpcore-4.4.1.jar:4.4.1]
	at org.apache.http.impl.execchain.MainClientExec.execute(MainClientExec.java:271) ~[httpclient-4.4.1.jar:4.4.1]
	at org.apache.http.impl.execchain.ProtocolExec.execute(ProtocolExec.java:184) ~[httpclient-4.4.1.jar:4.4.1]
	at org.apache.http.impl.execchain.RetryExec.execute(RetryExec.java:88) ~[httpclient-4.4.1.jar:4.4.1]
	at org.apache.http.impl.execchain.RedirectExec.execute(RedirectExec.java:110) ~[httpclient-4.4.1.jar:4.4.1]
	at org.apache.http.impl.client.InternalHttpClient.doExecute(InternalHttpClient.java:184) ~[httpclient-4.4.1.jar:4.4.1]
	at org.apache.http.impl.client.CloseableHttpClient.execute(CloseableHttpClient.java:82) ~[httpclient-4.4.1.jar:4.4.1]
	at org.apache.http.impl.client.CloseableHttpClient.execute(CloseableHttpClient.java:107) ~[httpclient-4.4.1.jar:4.4.1]
	at com.mfq.utils.HttpUtil.postJson(HttpUtil.java:197) ~[classes/:na]
	at com.mfq.controller.TestController.testPresent(TestController.java:591) [classes/:na]
	at com.mfq.controller.TestController.main(TestController.java:615) [classes/:na]
[2016-01-07 11:27:48  WARN com.mfq.utils.Config:49] [] [] [] [] SystemConfig: isProduct=false, isDev=true, cachePrefix=D_, hostName=localhost, systemType=Dev
[2016-01-07 11:27:48  INFO com.mfq.helper.SignHelper:51] [] [] [] [] Make sign:60FC4FC63E1813F5FA9C4E544790F51E, org string is:code=7865uid=2798
[2016-01-07 11:27:59 ERROR com.mfq.utils.HttpUtil:218] [] [] [] [] push fail: url=http://localhost:8080//activity/present/code, body={"uid":2798,"code":"7865","sign":"60FC4FC63E1813F5FA9C4E544790F51E"}
java.net.SocketTimeoutException: Read timed out
	at java.net.SocketInputStream.socketRead0(Native Method) ~[na:1.8.0_60]
	at java.net.SocketInputStream.socketRead(SocketInputStream.java:116) ~[na:1.8.0_60]
	at java.net.SocketInputStream.read(SocketInputStream.java:170) ~[na:1.8.0_60]
	at java.net.SocketInputStream.read(SocketInputStream.java:141) ~[na:1.8.0_60]
	at org.apache.http.impl.conn.LoggingInputStream.read(LoggingInputStream.java:87) ~[httpclient-4.4.1.jar:4.4.1]
	at org.apache.http.impl.io.SessionInputBufferImpl.streamRead(SessionInputBufferImpl.java:139) ~[httpcore-4.4.1.jar:4.4.1]
	at org.apache.http.impl.io.SessionInputBufferImpl.fillBuffer(SessionInputBufferImpl.java:155) ~[httpcore-4.4.1.jar:4.4.1]
	at org.apache.http.impl.io.SessionInputBufferImpl.readLine(SessionInputBufferImpl.java:284) ~[httpcore-4.4.1.jar:4.4.1]
	at org.apache.http.impl.conn.DefaultHttpResponseParser.parseHead(DefaultHttpResponseParser.java:140) ~[httpclient-4.4.1.jar:4.4.1]
	at org.apache.http.impl.conn.DefaultHttpResponseParser.parseHead(DefaultHttpResponseParser.java:57) ~[httpclient-4.4.1.jar:4.4.1]
	at org.apache.http.impl.io.AbstractMessageParser.parse(AbstractMessageParser.java:261) ~[httpcore-4.4.1.jar:4.4.1]
	at org.apache.http.impl.DefaultBHttpClientConnection.receiveResponseHeader(DefaultBHttpClientConnection.java:165) ~[httpcore-4.4.1.jar:4.4.1]
	at org.apache.http.impl.conn.CPoolProxy.receiveResponseHeader(CPoolProxy.java:167) ~[httpclient-4.4.1.jar:4.4.1]
	at org.apache.http.protocol.HttpRequestExecutor.doReceiveResponse(HttpRequestExecutor.java:272) ~[httpcore-4.4.1.jar:4.4.1]
	at org.apache.http.protocol.HttpRequestExecutor.execute(HttpRequestExecutor.java:124) ~[httpcore-4.4.1.jar:4.4.1]
	at org.apache.http.impl.execchain.MainClientExec.execute(MainClientExec.java:271) ~[httpclient-4.4.1.jar:4.4.1]
	at org.apache.http.impl.execchain.ProtocolExec.execute(ProtocolExec.java:184) ~[httpclient-4.4.1.jar:4.4.1]
	at org.apache.http.impl.execchain.RetryExec.execute(RetryExec.java:88) ~[httpclient-4.4.1.jar:4.4.1]
	at org.apache.http.impl.execchain.RedirectExec.execute(RedirectExec.java:110) ~[httpclient-4.4.1.jar:4.4.1]
	at org.apache.http.impl.client.InternalHttpClient.doExecute(InternalHttpClient.java:184) ~[httpclient-4.4.1.jar:4.4.1]
	at org.apache.http.impl.client.CloseableHttpClient.execute(CloseableHttpClient.java:82) ~[httpclient-4.4.1.jar:4.4.1]
	at org.apache.http.impl.client.CloseableHttpClient.execute(CloseableHttpClient.java:107) ~[httpclient-4.4.1.jar:4.4.1]
	at com.mfq.utils.HttpUtil.postJson(HttpUtil.java:197) ~[classes/:na]
	at com.mfq.controller.TestController.testPresent(TestController.java:591) [classes/:na]
	at com.mfq.controller.TestController.main(TestController.java:615) [classes/:na]
[2016-01-07 11:28:18  WARN com.mfq.utils.Config:49] [] [] [] [] SystemConfig: isProduct=false, isDev=true, cachePrefix=D_, hostName=localhost, systemType=Dev
[2016-01-07 11:28:18  INFO com.mfq.helper.SignHelper:51] [] [] [] [] Make sign:60FC4FC63E1813F5FA9C4E544790F51E, org string is:code=7865uid=2798
[2016-01-07 11:28:24  INFO com.mfq.utils.HttpUtil:208] [] [] [] [] push response result:null
[2016-01-07 11:28:26  WARN com.mfq.utils.Config:49] [] [] [] [] SystemConfig: isProduct=false, isDev=true, cachePrefix=D_, hostName=localhost, systemType=Dev
[2016-01-07 11:28:26  INFO com.mfq.helper.SignHelper:51] [] [] [] [] Make sign:60FC4FC63E1813F5FA9C4E544790F51E, org string is:code=7865uid=2798
[2016-01-07 11:28:37 ERROR com.mfq.utils.HttpUtil:218] [] [] [] [] push fail: url=http://localhost:8080//activity/present/code, body={"uid":2798,"code":"7865","sign":"60FC4FC63E1813F5FA9C4E544790F51E"}
java.net.SocketTimeoutException: Read timed out
	at java.net.SocketInputStream.socketRead0(Native Method) ~[na:1.8.0_60]
	at java.net.SocketInputStream.socketRead(SocketInputStream.java:116) ~[na:1.8.0_60]
	at java.net.SocketInputStream.read(SocketInputStream.java:170) ~[na:1.8.0_60]
	at java.net.SocketInputStream.read(SocketInputStream.java:141) ~[na:1.8.0_60]
	at org.apache.http.impl.conn.LoggingInputStream.read(LoggingInputStream.java:87) ~[httpclient-4.4.1.jar:4.4.1]
	at org.apache.http.impl.io.SessionInputBufferImpl.streamRead(SessionInputBufferImpl.java:139) ~[httpcore-4.4.1.jar:4.4.1]
	at org.apache.http.impl.io.SessionInputBufferImpl.fillBuffer(SessionInputBufferImpl.java:155) ~[httpcore-4.4.1.jar:4.4.1]
	at org.apache.http.impl.io.SessionInputBufferImpl.readLine(SessionInputBufferImpl.java:284) ~[httpcore-4.4.1.jar:4.4.1]
	at org.apache.http.impl.conn.DefaultHttpResponseParser.parseHead(DefaultHttpResponseParser.java:140) ~[httpclient-4.4.1.jar:4.4.1]
	at org.apache.http.impl.conn.DefaultHttpResponseParser.parseHead(DefaultHttpResponseParser.java:57) ~[httpclient-4.4.1.jar:4.4.1]
	at org.apache.http.impl.io.AbstractMessageParser.parse(AbstractMessageParser.java:261) ~[httpcore-4.4.1.jar:4.4.1]
	at org.apache.http.impl.DefaultBHttpClientConnection.receiveResponseHeader(DefaultBHttpClientConnection.java:165) ~[httpcore-4.4.1.jar:4.4.1]
	at org.apache.http.impl.conn.CPoolProxy.receiveResponseHeader(CPoolProxy.java:167) ~[httpclient-4.4.1.jar:4.4.1]
	at org.apache.http.protocol.HttpRequestExecutor.doReceiveResponse(HttpRequestExecutor.java:272) ~[httpcore-4.4.1.jar:4.4.1]
	at org.apache.http.protocol.HttpRequestExecutor.execute(HttpRequestExecutor.java:124) ~[httpcore-4.4.1.jar:4.4.1]
	at org.apache.http.impl.execchain.MainClientExec.execute(MainClientExec.java:271) ~[httpclient-4.4.1.jar:4.4.1]
	at org.apache.http.impl.execchain.ProtocolExec.execute(ProtocolExec.java:184) ~[httpclient-4.4.1.jar:4.4.1]
	at org.apache.http.impl.execchain.RetryExec.execute(RetryExec.java:88) ~[httpclient-4.4.1.jar:4.4.1]
	at org.apache.http.impl.execchain.RedirectExec.execute(RedirectExec.java:110) ~[httpclient-4.4.1.jar:4.4.1]
	at org.apache.http.impl.client.InternalHttpClient.doExecute(InternalHttpClient.java:184) ~[httpclient-4.4.1.jar:4.4.1]
	at org.apache.http.impl.client.CloseableHttpClient.execute(CloseableHttpClient.java:82) ~[httpclient-4.4.1.jar:4.4.1]
	at org.apache.http.impl.client.CloseableHttpClient.execute(CloseableHttpClient.java:107) ~[httpclient-4.4.1.jar:4.4.1]
	at com.mfq.utils.HttpUtil.postJson(HttpUtil.java:197) ~[classes/:na]
	at com.mfq.controller.TestController.testPresent(TestController.java:591) [classes/:na]
	at com.mfq.controller.TestController.main(TestController.java:615) [classes/:na]
[2016-01-07 11:29:12  WARN com.mfq.utils.Config:49] [] [] [] [] SystemConfig: isProduct=false, isDev=true, cachePrefix=D_, hostName=localhost, systemType=Dev
[2016-01-07 11:29:12  INFO com.mfq.helper.SignHelper:51] [] [] [] [] Make sign:60FC4FC63E1813F5FA9C4E544790F51E, org string is:code=7865uid=2798
[2016-01-07 11:29:22 ERROR com.mfq.utils.HttpUtil:218] [] [] [] [] push fail: url=http://localhost:8080//activity/present/code, body={"uid":2798,"code":"7865","sign":"60FC4FC63E1813F5FA9C4E544790F51E"}
java.net.SocketTimeoutException: Read timed out
	at java.net.SocketInputStream.socketRead0(Native Method) ~[na:1.8.0_60]
	at java.net.SocketInputStream.socketRead(SocketInputStream.java:116) ~[na:1.8.0_60]
	at java.net.SocketInputStream.read(SocketInputStream.java:170) ~[na:1.8.0_60]
	at java.net.SocketInputStream.read(SocketInputStream.java:141) ~[na:1.8.0_60]
	at org.apache.http.impl.conn.LoggingInputStream.read(LoggingInputStream.java:87) ~[httpclient-4.4.1.jar:4.4.1]
	at org.apache.http.impl.io.SessionInputBufferImpl.streamRead(SessionInputBufferImpl.java:139) ~[httpcore-4.4.1.jar:4.4.1]
	at org.apache.http.impl.io.SessionInputBufferImpl.fillBuffer(SessionInputBufferImpl.java:155) ~[httpcore-4.4.1.jar:4.4.1]
	at org.apache.http.impl.io.SessionInputBufferImpl.readLine(SessionInputBufferImpl.java:284) ~[httpcore-4.4.1.jar:4.4.1]
	at org.apache.http.impl.conn.DefaultHttpResponseParser.parseHead(DefaultHttpResponseParser.java:140) ~[httpclient-4.4.1.jar:4.4.1]
	at org.apache.http.impl.conn.DefaultHttpResponseParser.parseHead(DefaultHttpResponseParser.java:57) ~[httpclient-4.4.1.jar:4.4.1]
	at org.apache.http.impl.io.AbstractMessageParser.parse(AbstractMessageParser.java:261) ~[httpcore-4.4.1.jar:4.4.1]
	at org.apache.http.impl.DefaultBHttpClientConnection.receiveResponseHeader(DefaultBHttpClientConnection.java:165) ~[httpcore-4.4.1.jar:4.4.1]
	at org.apache.http.impl.conn.CPoolProxy.receiveResponseHeader(CPoolProxy.java:167) ~[httpclient-4.4.1.jar:4.4.1]
	at org.apache.http.protocol.HttpRequestExecutor.doReceiveResponse(HttpRequestExecutor.java:272) ~[httpcore-4.4.1.jar:4.4.1]
	at org.apache.http.protocol.HttpRequestExecutor.execute(HttpRequestExecutor.java:124) ~[httpcore-4.4.1.jar:4.4.1]
	at org.apache.http.impl.execchain.MainClientExec.execute(MainClientExec.java:271) ~[httpclient-4.4.1.jar:4.4.1]
	at org.apache.http.impl.execchain.ProtocolExec.execute(ProtocolExec.java:184) ~[httpclient-4.4.1.jar:4.4.1]
	at org.apache.http.impl.execchain.RetryExec.execute(RetryExec.java:88) ~[httpclient-4.4.1.jar:4.4.1]
	at org.apache.http.impl.execchain.RedirectExec.execute(RedirectExec.java:110) ~[httpclient-4.4.1.jar:4.4.1]
	at org.apache.http.impl.client.InternalHttpClient.doExecute(InternalHttpClient.java:184) ~[httpclient-4.4.1.jar:4.4.1]
	at org.apache.http.impl.client.CloseableHttpClient.execute(CloseableHttpClient.java:82) ~[httpclient-4.4.1.jar:4.4.1]
	at org.apache.http.impl.client.CloseableHttpClient.execute(CloseableHttpClient.java:107) ~[httpclient-4.4.1.jar:4.4.1]
	at com.mfq.utils.HttpUtil.postJson(HttpUtil.java:197) ~[classes/:na]
	at com.mfq.controller.TestController.testPresent(TestController.java:591) [classes/:na]
	at com.mfq.controller.TestController.main(TestController.java:615) [classes/:na]
[2016-01-07 11:29:45  WARN com.mfq.utils.Config:49] [] [] [] [] SystemConfig: isProduct=false, isDev=true, cachePrefix=D_, hostName=localhost, systemType=Dev
[2016-01-07 11:29:45  INFO com.mfq.helper.SignHelper:51] [] [] [] [] Make sign:60FC4FC63E1813F5FA9C4E544790F51E, org string is:code=7865uid=2798
[2016-01-07 11:29:56 ERROR com.mfq.utils.HttpUtil:218] [] [] [] [] push fail: url=http://localhost:8080//activity/present/code, body={"uid":2798,"code":"7865","sign":"60FC4FC63E1813F5FA9C4E544790F51E"}
java.net.SocketTimeoutException: Read timed out
	at java.net.SocketInputStream.socketRead0(Native Method) ~[na:1.8.0_60]
	at java.net.SocketInputStream.socketRead(SocketInputStream.java:116) ~[na:1.8.0_60]
	at java.net.SocketInputStream.read(SocketInputStream.java:170) ~[na:1.8.0_60]
	at java.net.SocketInputStream.read(SocketInputStream.java:141) ~[na:1.8.0_60]
	at org.apache.http.impl.conn.LoggingInputStream.read(LoggingInputStream.java:87) ~[httpclient-4.4.1.jar:4.4.1]
	at org.apache.http.impl.io.SessionInputBufferImpl.streamRead(SessionInputBufferImpl.java:139) ~[httpcore-4.4.1.jar:4.4.1]
	at org.apache.http.impl.io.SessionInputBufferImpl.fillBuffer(SessionInputBufferImpl.java:155) ~[httpcore-4.4.1.jar:4.4.1]
	at org.apache.http.impl.io.SessionInputBufferImpl.readLine(SessionInputBufferImpl.java:284) ~[httpcore-4.4.1.jar:4.4.1]
	at org.apache.http.impl.conn.DefaultHttpResponseParser.parseHead(DefaultHttpResponseParser.java:140) ~[httpclient-4.4.1.jar:4.4.1]
	at org.apache.http.impl.conn.DefaultHttpResponseParser.parseHead(DefaultHttpResponseParser.java:57) ~[httpclient-4.4.1.jar:4.4.1]
	at org.apache.http.impl.io.AbstractMessageParser.parse(AbstractMessageParser.java:261) ~[httpcore-4.4.1.jar:4.4.1]
	at org.apache.http.impl.DefaultBHttpClientConnection.receiveResponseHeader(DefaultBHttpClientConnection.java:165) ~[httpcore-4.4.1.jar:4.4.1]
	at org.apache.http.impl.conn.CPoolProxy.receiveResponseHeader(CPoolProxy.java:167) ~[httpclient-4.4.1.jar:4.4.1]
	at org.apache.http.protocol.HttpRequestExecutor.doReceiveResponse(HttpRequestExecutor.java:272) ~[httpcore-4.4.1.jar:4.4.1]
	at org.apache.http.protocol.HttpRequestExecutor.execute(HttpRequestExecutor.java:124) ~[httpcore-4.4.1.jar:4.4.1]
	at org.apache.http.impl.execchain.MainClientExec.execute(MainClientExec.java:271) ~[httpclient-4.4.1.jar:4.4.1]
	at org.apache.http.impl.execchain.ProtocolExec.execute(ProtocolExec.java:184) ~[httpclient-4.4.1.jar:4.4.1]
	at org.apache.http.impl.execchain.RetryExec.execute(RetryExec.java:88) ~[httpclient-4.4.1.jar:4.4.1]
	at org.apache.http.impl.execchain.RedirectExec.execute(RedirectExec.java:110) ~[httpclient-4.4.1.jar:4.4.1]
	at org.apache.http.impl.client.InternalHttpClient.doExecute(InternalHttpClient.java:184) ~[httpclient-4.4.1.jar:4.4.1]
	at org.apache.http.impl.client.CloseableHttpClient.execute(CloseableHttpClient.java:82) ~[httpclient-4.4.1.jar:4.4.1]
	at org.apache.http.impl.client.CloseableHttpClient.execute(CloseableHttpClient.java:107) ~[httpclient-4.4.1.jar:4.4.1]
	at com.mfq.utils.HttpUtil.postJson(HttpUtil.java:197) ~[classes/:na]
	at com.mfq.controller.TestController.testPresent(TestController.java:591) [classes/:na]
	at com.mfq.controller.TestController.main(TestController.java:615) [classes/:na]
[2016-01-07 16:11:02  WARN com.mfq.utils.Config:49] [] [] [] [] SystemConfig: isProduct=false, isDev=true, cachePrefix=D_, hostName=localhost, systemType=Dev
[2016-01-07 16:13:53 ERROR org.apache.ibatis.executor.BaseExecutor:51] [] [] [] [] Could not get a databaseId from dataSource
com.mysql.jdbc.exceptions.jdbc4.CommunicationsException: Communications link failure

The last packet sent successfully to the server was 0 milliseconds ago. The driver has not received any packets from the server.
	at sun.reflect.NativeConstructorAccessorImpl.newInstance0(Native Method) ~[na:1.8.0_60]
	at sun.reflect.NativeConstructorAccessorImpl.newInstance(NativeConstructorAccessorImpl.java:62) ~[na:1.8.0_60]
	at sun.reflect.DelegatingConstructorAccessorImpl.newInstance(DelegatingConstructorAccessorImpl.java:45) ~[na:1.8.0_60]
	at java.lang.reflect.Constructor.newInstance(Constructor.java:422) ~[na:1.8.0_60]
	at com.mysql.jdbc.Util.handleNewInstance(Util.java:411) ~[mysql-connector-java-5.1.16.jar:na]
	at com.mysql.jdbc.SQLError.createCommunicationsException(SQLError.java:1116) ~[mysql-connector-java-5.1.16.jar:na]
	at com.mysql.jdbc.MysqlIO.<init>(MysqlIO.java:344) ~[mysql-connector-java-5.1.16.jar:na]
	at com.mysql.jdbc.ConnectionImpl.coreConnect(ConnectionImpl.java:2333) ~[mysql-connector-java-5.1.16.jar:na]
	at com.mysql.jdbc.ConnectionImpl.connectOneTryOnly(ConnectionImpl.java:2370) ~[mysql-connector-java-5.1.16.jar:na]
	at com.mysql.jdbc.ConnectionImpl.createNewIO(ConnectionImpl.java:2154) ~[mysql-connector-java-5.1.16.jar:na]
	at com.mysql.jdbc.ConnectionImpl.<init>(ConnectionImpl.java:792) ~[mysql-connector-java-5.1.16.jar:na]
	at com.mysql.jdbc.JDBC4Connection.<init>(JDBC4Connection.java:47) ~[mysql-connector-java-5.1.16.jar:na]
	at sun.reflect.NativeConstructorAccessorImpl.newInstance0(Native Method) ~[na:1.8.0_60]
	at sun.reflect.NativeConstructorAccessorImpl.newInstance(NativeConstructorAccessorImpl.java:62) ~[na:1.8.0_60]
	at sun.reflect.DelegatingConstructorAccessorImpl.newInstance(DelegatingConstructorAccessorImpl.java:45) ~[na:1.8.0_60]
	at java.lang.reflect.Constructor.newInstance(Constructor.java:422) ~[na:1.8.0_60]
	at com.mysql.jdbc.Util.handleNewInstance(Util.java:411) ~[mysql-connector-java-5.1.16.jar:na]
	at com.mysql.jdbc.ConnectionImpl.getInstance(ConnectionImpl.java:381) ~[mysql-connector-java-5.1.16.jar:na]
	at com.mysql.jdbc.NonRegisteringDriver.connect(NonRegisteringDriver.java:305) ~[mysql-connector-java-5.1.16.jar:na]
	at org.apache.tomcat.jdbc.pool.PooledConnection.connectUsingDriver(PooledConnection.java:307) ~[tomcat-jdbc-8.0.21.jar:na]
	at org.apache.tomcat.jdbc.pool.PooledConnection.connect(PooledConnection.java:200) ~[tomcat-jdbc-8.0.21.jar:na]
	at org.apache.tomcat.jdbc.pool.ConnectionPool.createConnection(ConnectionPool.java:699) ~[tomcat-jdbc-8.0.21.jar:na]
	at org.apache.tomcat.jdbc.pool.ConnectionPool.borrowConnection(ConnectionPool.java:633) ~[tomcat-jdbc-8.0.21.jar:na]
	at org.apache.tomcat.jdbc.pool.ConnectionPool.init(ConnectionPool.java:484) ~[tomcat-jdbc-8.0.21.jar:na]
	at org.apache.tomcat.jdbc.pool.ConnectionPool.<init>(ConnectionPool.java:142) ~[tomcat-jdbc-8.0.21.jar:na]
	at org.apache.tomcat.jdbc.pool.DataSourceProxy.pCreatePool(DataSourceProxy.java:115) ~[tomcat-jdbc-8.0.21.jar:na]
	at org.apache.tomcat.jdbc.pool.DataSourceProxy.createPool(DataSourceProxy.java:102) ~[tomcat-jdbc-8.0.21.jar:na]
	at org.apache.tomcat.jdbc.pool.DataSourceProxy.getConnection(DataSourceProxy.java:126) ~[tomcat-jdbc-8.0.21.jar:na]
	at org.springframework.jdbc.datasource.LazyConnectionDataSourceProxy$LazyConnectionInvocationHandler.getTargetConnection(LazyConnectionDataSourceProxy.java:403) ~[spring-jdbc-4.1.6.RELEASE.jar:4.1.6.RELEASE]
	at org.springframework.jdbc.datasource.LazyConnectionDataSourceProxy$LazyConnectionInvocationHandler.invoke(LazyConnectionDataSourceProxy.java:376) ~[spring-jdbc-4.1.6.RELEASE.jar:4.1.6.RELEASE]
	at com.sun.proxy.$Proxy10.getMetaData(Unknown Source) ~[na:na]
	at org.apache.ibatis.mapping.VendorDatabaseIdProvider.getDatabaseProductName(VendorDatabaseIdProvider.java:77) ~[mybatis-3.2.2.jar:3.2.2]
	at org.apache.ibatis.mapping.VendorDatabaseIdProvider.getDatabaseName(VendorDatabaseIdProvider.java:61) ~[mybatis-3.2.2.jar:3.2.2]
	at org.apache.ibatis.mapping.VendorDatabaseIdProvider.getDatabaseId(VendorDatabaseIdProvider.java:49) ~[mybatis-3.2.2.jar:3.2.2]
	at org.mybatis.spring.SqlSessionFactoryBean.buildSqlSessionFactory(SqlSessionFactoryBean.java:445) [mybatis-spring-1.2.0.jar:1.2.0]
	at org.mybatis.spring.SqlSessionFactoryBean.afterPropertiesSet(SqlSessionFactoryBean.java:336) [mybatis-spring-1.2.0.jar:1.2.0]
	at org.springframework.beans.factory.support.AbstractAutowireCapableBeanFactory.invokeInitMethods(AbstractAutowireCapableBeanFactory.java:1633) [spring-beans-4.1.6.RELEASE.jar:4.1.6.RELEASE]
	at org.springframework.beans.factory.support.AbstractAutowireCapableBeanFactory.initializeBean(AbstractAutowireCapableBeanFactory.java:1570) [spring-beans-4.1.6.RELEASE.jar:4.1.6.RELEASE]
	at org.springframework.beans.factory.support.AbstractAutowireCapableBeanFactory.doCreateBean(AbstractAutowireCapableBeanFactory.java:539) [spring-beans-4.1.6.RELEASE.jar:4.1.6.RELEASE]
	at org.springframework.beans.factory.support.AbstractAutowireCapableBeanFactory.createBean(AbstractAutowireCapableBeanFactory.java:476) [spring-beans-4.1.6.RELEASE.jar:4.1.6.RELEASE]
	at org.springframework.beans.factory.support.AbstractBeanFactory$1.getObject(AbstractBeanFactory.java:303) [spring-beans-4.1.6.RELEASE.jar:4.1.6.RELEASE]
	at org.springframework.beans.factory.support.DefaultSingletonBeanRegistry.getSingleton(DefaultSingletonBeanRegistry.java:230) [spring-beans-4.1.6.RELEASE.jar:4.1.6.RELEASE]
	at org.springframework.beans.factory.support.AbstractBeanFactory.doGetBean(AbstractBeanFactory.java:299) [spring-beans-4.1.6.RELEASE.jar:4.1.6.RELEASE]
	at org.springframework.beans.factory.support.AbstractBeanFactory.getBean(AbstractBeanFactory.java:194) [spring-beans-4.1.6.RELEASE.jar:4.1.6.RELEASE]
	at org.springframework.beans.factory.support.DefaultListableBeanFactory.preInstantiateSingletons(DefaultListableBeanFactory.java:736) [spring-beans-4.1.6.RELEASE.jar:4.1.6.RELEASE]
	at org.springframework.context.support.AbstractApplicationContext.finishBeanFactoryInitialization(AbstractApplicationContext.java:757) [spring-context-4.1.6.RELEASE.jar:4.1.6.RELEASE]
	at org.springframework.context.support.AbstractApplicationContext.refresh(AbstractApplicationContext.java:480) [spring-context-4.1.6.RELEASE.jar:4.1.6.RELEASE]
	at org.springframework.context.support.ClassPathXmlApplicationContext.<init>(ClassPathXmlApplicationContext.java:139) [spring-context-4.1.6.RELEASE.jar:4.1.6.RELEASE]
	at org.springframework.context.support.ClassPathXmlApplicationContext.<init>(ClassPathXmlApplicationContext.java:83) [spring-context-4.1.6.RELEASE.jar:4.1.6.RELEASE]
	at com.mfq.service.CouponService.main(CouponService.java:95) [classes/:na]
Caused by: java.net.UnknownHostException: mysql.mfqzz.com: unknown error
	at java.net.Inet6AddressImpl.lookupAllHostAddr(Native Method) ~[na:1.8.0_60]
	at java.net.InetAddress$2.lookupAllHostAddr(InetAddress.java:928) ~[na:1.8.0_60]
	at java.net.InetAddress.getAddressesFromNameService(InetAddress.java:1323) ~[na:1.8.0_60]
	at java.net.InetAddress.getAllByName0(InetAddress.java:1276) ~[na:1.8.0_60]
	at java.net.InetAddress.getAllByName(InetAddress.java:1192) ~[na:1.8.0_60]
	at java.net.InetAddress.getAllByName(InetAddress.java:1126) ~[na:1.8.0_60]
	at com.mysql.jdbc.StandardSocketFactory.connect(StandardSocketFactory.java:247) ~[mysql-connector-java-5.1.16.jar:na]
	at com.mysql.jdbc.MysqlIO.<init>(MysqlIO.java:294) ~[mysql-connector-java-5.1.16.jar:na]
	... 43 common frames omitted
[2016-01-07 16:13:53  WARN com.mfq.utils.Config:49] [] [] [] [] SystemConfig: isProduct=false, isDev=true, cachePrefix=D_, hostName=liuzhiguodeMacBook-Pro.local, systemType=Dev
[2016-01-07 16:40:49  WARN com.mfq.utils.Config:49] [] [] [] [] SystemConfig: isProduct=false, isDev=true, cachePrefix=D_, hostName=localhost, systemType=Dev
[2016-01-07 16:51:20  WARN com.mfq.utils.Config:49] [] [] [] [] SystemConfig: isProduct=false, isDev=true, cachePrefix=D_, hostName=localhost, systemType=Dev
[2016-01-07 16:51:59  WARN com.mfq.utils.Config:49] [] [] [] [] SystemConfig: isProduct=false, isDev=true, cachePrefix=D_, hostName=localhost, systemType=Dev
[2016-01-07 16:52:19  WARN com.mfq.utils.Config:49] [] [] [] [] SystemConfig: isProduct=false, isDev=true, cachePrefix=D_, hostName=localhost, systemType=Dev
[2016-01-07 16:52:28  WARN com.mfq.utils.Config:49] [] [] [] [] SystemConfig: isProduct=false, isDev=true, cachePrefix=D_, hostName=localhost, systemType=Dev
[2016-01-07 16:53:42  WARN com.mfq.utils.Config:49] [] [] [] [] SystemConfig: isProduct=false, isDev=true, cachePrefix=D_, hostName=localhost, systemType=Dev
[2016-01-07 16:54:45  WARN com.mfq.utils.Config:49] [] [] [] [] SystemConfig: isProduct=false, isDev=true, cachePrefix=D_, hostName=localhost, systemType=Dev
[2016-01-07 16:55:00  WARN com.mfq.utils.Config:49] [] [] [] [] SystemConfig: isProduct=false, isDev=true, cachePrefix=D_, hostName=localhost, systemType=Dev
[2016-01-07 16:55:33  WARN com.mfq.utils.Config:49] [] [] [] [] SystemConfig: isProduct=false, isDev=true, cachePrefix=D_, hostName=localhost, systemType=Dev
[2016-01-07 16:55:58  WARN com.mfq.utils.Config:49] [] [] [] [] SystemConfig: isProduct=false, isDev=true, cachePrefix=D_, hostName=localhost, systemType=Dev
